<?xml version="1.0" encoding="UTF-8"?>
<testsuite name="Scenario: creation fails with already taken username and valid password" tests="4" skipped="0" failures="0" errors="0" timestamp="2017-11-20T16:59:21" hostname="Moria.local" time="0.025">
  <properties/>
  <testcase name="Given command new user is selected" classname="Scenario: creation fails with already taken username and valid password" time="0.005"/>
  <testcase name="When username &quot;pekka&quot; and password &quot;akkep123&quot; are entred" classname="Scenario: creation fails with already taken username and valid password" time="0.0"/>
  <testcase name="Then system will respond with &quot;new user not registered&quot;" classname="Scenario: creation fails with already taken username and valid password" time="0.001"/>
  <testcase name="classMethod" classname="Scenario: creation fails with already taken username and valid password" time="0.044"/>
  <system-out><![CDATA[
  Scenario: creation is successful with valid username and password ?[90m# ohtu/new_user.feature:3?[0m
    ?[32mGiven ?[0m?[32mcommand new user is selected?[0m                              ?[90m# Stepdefs.command_new_user_is_selected()?[0m
    ?[32mWhen ?[0m?[32musername "?[0m?[32m?[1mmokk?[0m?[32m" and password "?[0m?[32m?[1makkep123?[0m?[32m" are entered?[0m        ?[90m# Stepdefs.a_username_and_password_are_entered(String,String)?[0m
    ?[32mThen ?[0m?[32msystem will respond with "?[0m?[32m?[1mnew user registered?[0m?[32m"?[0m             ?[90m# Stepdefs.system_will_respond_with(String)?[0m
]]></system-out>
  <system-err><![CDATA[]]></system-err>
</testsuite>
