<?xml version="1.0" encoding="UTF-8"?>
<testsuite name="Scenario: creation is successful with valid username and password" tests="4" skipped="0" failures="0" errors="0" timestamp="2017-11-20T16:59:21" hostname="Moria.local" time="0.022">
  <properties/>
  <testcase name="Given command new user is selected" classname="Scenario: creation is successful with valid username and password" time="0.005"/>
  <testcase name="When username &quot;mokk&quot; and password &quot;akkep123&quot; are entered" classname="Scenario: creation is successful with valid username and password" time="0.003"/>
  <testcase name="Then system will respond with &quot;new user registered&quot;" classname="Scenario: creation is successful with valid username and password" time="0.004"/>
  <testcase name="classMethod" classname="Scenario: creation is successful with valid username and password" time="0.054"/>
  <system-out><![CDATA[]]></system-out>
  <system-err><![CDATA[]]></system-err>
</testsuite>
