<?xml version="1.0" encoding="UTF-8"?>
<testsuite name="Scenario: creation fails with too short username and valid password" tests="4" skipped="0" failures="0" errors="0" timestamp="2017-11-20T16:59:21" hostname="Moria.local" time="0.033">
  <properties/>
  <testcase name="Given command new user is selected" classname="Scenario: creation fails with too short username and valid password" time="0.004"/>
  <testcase name="When username &quot;ok&quot; and password &quot;ongelma12&quot; are entered" classname="Scenario: creation fails with too short username and valid password" time="0.0"/>
  <testcase name="Then system will respond with &quot;new user not registered&quot;" classname="Scenario: creation fails with too short username and valid password" time="0.001"/>
  <testcase name="classMethod" classname="Scenario: creation fails with too short username and valid password" time="0.074"/>
  <system-out><![CDATA[
  Scenario: creation fails with already taken username and valid password ?[90m# ohtu/new_user.feature:8?[0m
    ?[32mGiven ?[0m?[32mcommand new user is selected?[0m                                    ?[90m# Stepdefs.command_new_user_is_selected()?[0m
    ?[32mWhen ?[0m?[32musername "?[0m?[32m?[1mpekka?[0m?[32m" and password "?[0m?[32m?[1makkep123?[0m?[32m" are entred?[0m              ?[90m# Stepdefs.username_and_password_are_entred(String,String)?[0m
    ?[32mThen ?[0m?[32msystem will respond with "?[0m?[32m?[1mnew user not registered?[0m?[32m"?[0m               ?[90m# Stepdefs.system_will_respond_with(String)?[0m
]]></system-out>
  <system-err><![CDATA[]]></system-err>
</testsuite>
